multifatorial/example/build/app/intermediates/manifest_merge_blame_file/debug/manifest-merger-blame-debug-report.txt
1<?xml version="1.0" encoding="utf-8"?>
2<manifest xmlns:android="http://schemas.android.com/apk/res/android"
3    package="br.com.voxdatati.voxauthflutter_example"
4    android:versionCode="1"
5    android:versionName="1.0" >
6
7    <uses-sdk
8        android:minSdkVersion="21"
9        android:targetSdkVersion="33" />
10    <!--
11         The INTERNET permission is required for development. Specifically,
12         the Flutter tool needs it to communicate with the running application
13         to allow setting breakpoints, to provide hot reload, etc.
14    -->
15    <uses-permission android:name="android.permission.INTERNET" />
15-->src\main\AndroidManifest.xml:4:5-67
15-->src\main\AndroidManifest.xml:4:22-64
16    <uses-permission android:name="android.permission.ACCESS_FINE_LOCATION" />
16-->src\main\AndroidManifest.xml:5:5-79
16-->src\main\AndroidManifest.xml:5:22-76
17    <uses-permission android:name="android.permission.ACCESS_COARSE_LOCATION" />
17-->src\main\AndroidManifest.xml:6:5-81
17-->src\main\AndroidManifest.xml:6:22-78
18    <uses-permission android:name="android.permission.ACCESS_WIFI_STATE" />
18-->src\main\AndroidManifest.xml:7:5-76
18-->src\main\AndroidManifest.xml:7:22-73
19    <uses-permission android:name="android.permission.READ_PHONE_STATE" />
19-->src\main\AndroidManifest.xml:8:5-75
19-->src\main\AndroidManifest.xml:8:22-72
20    <uses-permission android:name="android.permission.USE_BIOMETRIC" />
20-->src\main\AndroidManifest.xml:9:5-72
20-->src\main\AndroidManifest.xml:9:22-69
21    <uses-permission android:name="android.permission.CAMERA" />
21-->src\main\AndroidManifest.xml:10:5-65
21-->src\main\AndroidManifest.xml:10:22-62
22
23    <uses-feature
23-->[:voxauthflutter] AndroidManifest.xml:9:5-11:36
24        android:name="android.hardware.camera"
24-->[:voxauthflutter] AndroidManifest.xml:10:9-47
25        android:required="false" />
25-->[:voxauthflutter] AndroidManifest.xml:11:9-33
26    <uses-feature
26-->[:voxauthflutter] AndroidManifest.xml:12:5-14:36
27        android:name="android.hardware.camera.front"
27-->[:voxauthflutter] AndroidManifest.xml:13:9-53
28        android:required="false" />
28-->[:voxauthflutter] AndroidManifest.xml:14:9-33
29    <uses-feature
29-->[:voxauthflutter] AndroidManifest.xml:15:5-17:36
30        android:name="android.hardware.camera.autofocus"
30-->[:voxauthflutter] AndroidManifest.xml:16:9-57
31        android:required="false" />
31-->[:voxauthflutter] AndroidManifest.xml:17:9-33
32    <uses-feature
32-->[:voxauthflutter] AndroidManifest.xml:18:5-20:36
33        android:name="android.hardware.camera.flash"
33-->[:voxauthflutter] AndroidManifest.xml:19:9-53
34        android:required="false" />
34-->[:voxauthflutter] AndroidManifest.xml:20:9-33
35
36    <uses-permission android:name="android.permission.ACCESS_NETWORK_STATE" />
36-->[com.google.firebase:firebase-iid:21.1.0] AndroidManifest.xml:22:5-79
36-->[com.google.firebase:firebase-iid:21.1.0] AndroidManifest.xml:22:22-76
37    <uses-permission android:name="android.permission.WAKE_LOCK" /> <!-- Required by older versions of Google Play services to create IID tokens -->
37-->[com.google.firebase:firebase-iid:21.1.0] AndroidManifest.xml:24:5-68
37-->[com.google.firebase:firebase-iid:21.1.0] AndroidManifest.xml:24:22-65
38    <uses-permission android:name="com.google.android.c2dm.permission.RECEIVE" />
38-->[com.google.firebase:firebase-iid:21.1.0] AndroidManifest.xml:26:5-82
38-->[com.google.firebase:firebase-iid:21.1.0] AndroidManifest.xml:26:22-79
39
40    <application
41        android:name="android.app.Application"
42        android:appComponentFactory="androidx.core.app.CoreComponentFactory"
42-->[androidx.core:core:1.6.0] AndroidManifest.xml:24:18-86
43        android:debuggable="true"
44        android:icon="@mipmap/ic_launcher"
45        android:label="voxauthflutter_example"
46        android:usesCleartextTraffic="true" >
47        <activity
48            android:name="br.com.voxdatati.voxauthflutter_example.MainActivity"
49            android:configChanges="orientation|keyboardHidden|keyboard|screenSize|smallestScreenSize|locale|layoutDirection|fontScale|screenLayout|density|uiMode"
50            android:exported="true"
51            android:hardwareAccelerated="true"
52            android:launchMode="singleTop"
53            android:theme="@style/LaunchTheme"
54            android:windowSoftInputMode="adjustResize" >
55
56            <!--
57                 Specifies an Android theme to apply to this Activity as soon as
58                 the Android process has started. This theme is visible to the user
59                 while the Flutter UI initializes. After that, this theme continues
60                 to determine the Window background behind the Flutter UI.
61            -->
62            <meta-data
63                android:name="io.flutter.embedding.android.NormalTheme"
64                android:resource="@style/NormalTheme" />
65
66            <intent-filter>
67                <action android:name="android.intent.action.MAIN" />
68
69                <category android:name="android.intent.category.LAUNCHER" />
70            </intent-filter>
71        </activity>
72        <activity
73            android:name="br.com.voxdatati.voxauth.SDK.Utils.AuthQrcode"
74            android:exported="true" >
75            <intent-filter>
76                <category android:name="android.intent.category.LAUNCHER" />
77            </intent-filter>
78        </activity>
79        <!--
80             Don't delete the meta-data below.
81             This is used by the Flutter tool to generate GeneratedPluginRegistrant.java
82        -->
83        <meta-data
84            android:name="flutterEmbedding"
85            android:value="2" />
86
87        <uses-library
87-->[androidx.window:window:1.0.0-beta04] AndroidManifest.xml:25:9-27:40
88            android:name="androidx.window.extensions"
88-->[androidx.window:window:1.0.0-beta04] AndroidManifest.xml:26:13-54
89            android:required="false" />
89-->[androidx.window:window:1.0.0-beta04] AndroidManifest.xml:27:13-37
90        <uses-library
90-->[androidx.window:window:1.0.0-beta04] AndroidManifest.xml:28:9-30:40
91            android:name="androidx.window.sidecar"
91-->[androidx.window:window:1.0.0-beta04] AndroidManifest.xml:29:13-51
92            android:required="false" />
92-->[androidx.window:window:1.0.0-beta04] AndroidManifest.xml:30:13-37
93
94        <service
94-->[com.google.firebase:firebase-iid:21.1.0] AndroidManifest.xml:29:9-35:19
95            android:name="com.google.firebase.components.ComponentDiscoveryService"
95-->[com.google.firebase:firebase-iid:21.1.0] AndroidManifest.xml:30:13-84
96            android:directBootAware="true"
96-->[com.google.firebase:firebase-common:19.5.0] AndroidManifest.xml:35:13-43
97            android:exported="false" >
97-->[com.google.firebase:firebase-iid:21.1.0] AndroidManifest.xml:31:13-37
98            <meta-data
98-->[com.google.firebase:firebase-iid:21.1.0] AndroidManifest.xml:32:13-34:85
99                android:name="com.google.firebase.components:com.google.firebase.iid.Registrar"
99-->[com.google.firebase:firebase-iid:21.1.0] AndroidManifest.xml:33:17-96
100                android:value="com.google.firebase.components.ComponentRegistrar" />
100-->[com.google.firebase:firebase-iid:21.1.0] AndroidManifest.xml:34:17-82
101            <meta-data
101-->[com.google.firebase:firebase-installations:16.3.5] AndroidManifest.xml:18:13-20:85
102                android:name="com.google.firebase.components:com.google.firebase.installations.FirebaseInstallationsRegistrar"
102-->[com.google.firebase:firebase-installations:16.3.5] AndroidManifest.xml:19:17-127
103                android:value="com.google.firebase.components.ComponentRegistrar" />
103-->[com.google.firebase:firebase-installations:16.3.5] AndroidManifest.xml:20:17-82
104            <!--
105                This registrar is not defined in the dynamic-module-support sdk itself to allow non-firebase
106                clients to use it as well, by defining this registrar in their own core/common library.
107            -->
108            <meta-data
108-->[com.google.firebase:firebase-common:19.5.0] AndroidManifest.xml:43:13-45:85
109                android:name="com.google.firebase.components:com.google.firebase.dynamicloading.DynamicLoadingRegistrar"
109-->[com.google.firebase:firebase-common:19.5.0] AndroidManifest.xml:44:17-121
110                android:value="com.google.firebase.components.ComponentRegistrar" />
110-->[com.google.firebase:firebase-common:19.5.0] AndroidManifest.xml:45:17-82
111        </service>
112
113        <provider
113-->[com.google.firebase:firebase-common:19.5.0] AndroidManifest.xml:26:9-31:39
114            android:name="com.google.firebase.provider.FirebaseInitProvider"
114-->[com.google.firebase:firebase-common:19.5.0] AndroidManifest.xml:27:13-77
115            android:authorities="br.com.voxdatati.voxauthflutter_example.firebaseinitprovider"
115-->[com.google.firebase:firebase-common:19.5.0] AndroidManifest.xml:28:13-72
116            android:directBootAware="true"
116-->[com.google.firebase:firebase-common:19.5.0] AndroidManifest.xml:29:13-43
117            android:exported="false"
117-->[com.google.firebase:firebase-common:19.5.0] AndroidManifest.xml:30:13-37
118            android:initOrder="100" />
118-->[com.google.firebase:firebase-common:19.5.0] AndroidManifest.xml:31:13-36
119
120        <meta-data
120-->[com.google.android.gms:play-services-basement:17.0.0] AndroidManifest.xml:23:9-25:69
121            android:name="com.google.android.gms.version"
121-->[com.google.android.gms:play-services-basement:17.0.0] AndroidManifest.xml:24:13-58
122            android:value="@integer/google_play_services_version" />
122-->[com.google.android.gms:play-services-basement:17.0.0] AndroidManifest.xml:25:13-66
123    </application>
124
125</manifest>